<?xml version="1.0" encoding="UTF-8"?>
<testng-results skipped="0" failed="0" ignored="0" total="4" passed="4">
  <reporter-output>
  </reporter-output>
  <suite name="Default suite" duration-ms="1783" started-at="2022-09-24T13:45:49 WIB" finished-at="2022-09-24T13:45:50 WIB">
    <groups>
      <group name="cucumber">
        <method signature="AbstractTestNGCucumberTests.runScenario(io.cucumber.testng.PickleWrapper, io.cucumber.testng.FeatureWrapper)[pri:0, instance:runners.PalindromeRunner@2833cc44]" name="runScenario" class="io.cucumber.testng.AbstractTestNGCucumberTests"/>
      </group> <!-- cucumber -->
    </groups>
    <test name="Default test" duration-ms="1783" started-at="2022-09-24T13:45:49 WIB" finished-at="2022-09-24T13:45:50 WIB">
      <class name="runners.PalindromeRunner">
        <test-method status="PASS" signature="setUpClass()[pri:0, instance:runners.PalindromeRunner@2833cc44]" name="setUpClass" is-config="true" duration-ms="1030" started-at="2022-09-24T13:45:49 WIB" finished-at="2022-09-24T13:45:50 WIB">
          <reporter-output>
          </reporter-output>
        </test-method> <!-- setUpClass -->
        <test-method status="PASS" signature="runScenario(io.cucumber.testng.PickleWrapper, io.cucumber.testng.FeatureWrapper)[pri:0, instance:runners.PalindromeRunner@2833cc44]" name="runScenario" duration-ms="290" started-at="2022-09-24T13:45:50 WIB" description="Runs Cucumber Scenarios" data-provider="scenarios" finished-at="2022-09-24T13:45:50 WIB">
          <params>
            <param index="0">
              <value>
                <![CDATA["Periksa string palindrome"]]>
              </value>
            </param>
            <param index="1">
              <value>
                <![CDATA["Check string palindrome"]]>
              </value>
            </param>
          </params>
          <reporter-output>
          </reporter-output>
        </test-method> <!-- runScenario -->
        <test-method status="PASS" signature="runScenario(io.cucumber.testng.PickleWrapper, io.cucumber.testng.FeatureWrapper)[pri:0, instance:runners.PalindromeRunner@2833cc44]" name="runScenario" duration-ms="6" started-at="2022-09-24T13:45:50 WIB" description="Runs Cucumber Scenarios" data-provider="scenarios" finished-at="2022-09-24T13:45:50 WIB">
          <params>
            <param index="0">
              <value>
                <![CDATA["Periksa string palindrome"]]>
              </value>
            </param>
            <param index="1">
              <value>
                <![CDATA["Check string palindrome"]]>
              </value>
            </param>
          </params>
          <reporter-output>
          </reporter-output>
        </test-method> <!-- runScenario -->
        <test-method status="PASS" signature="runScenario(io.cucumber.testng.PickleWrapper, io.cucumber.testng.FeatureWrapper)[pri:0, instance:runners.PalindromeRunner@2833cc44]" name="runScenario" duration-ms="9" started-at="2022-09-24T13:45:50 WIB" description="Runs Cucumber Scenarios" data-provider="scenarios" finished-at="2022-09-24T13:45:50 WIB">
          <params>
            <param index="0">
              <value>
                <![CDATA["Periksa string palindrome"]]>
              </value>
            </param>
            <param index="1">
              <value>
                <![CDATA["Check string palindrome"]]>
              </value>
            </param>
          </params>
          <reporter-output>
          </reporter-output>
        </test-method> <!-- runScenario -->
        <test-method status="PASS" signature="runScenario(io.cucumber.testng.PickleWrapper, io.cucumber.testng.FeatureWrapper)[pri:0, instance:runners.PalindromeRunner@2833cc44]" name="runScenario" duration-ms="23" started-at="2022-09-24T13:45:50 WIB" description="Runs Cucumber Scenarios" data-provider="scenarios" finished-at="2022-09-24T13:45:50 WIB">
          <params>
            <param index="0">
              <value>
                <![CDATA["Periksa string palindrome"]]>
              </value>
            </param>
            <param index="1">
              <value>
                <![CDATA["Check string palindrome"]]>
              </value>
            </param>
          </params>
          <reporter-output>
          </reporter-output>
        </test-method> <!-- runScenario -->
        <test-method status="PASS" signature="tearDownClass()[pri:0, instance:runners.PalindromeRunner@2833cc44]" name="tearDownClass" is-config="true" duration-ms="323" started-at="2022-09-24T13:45:50 WIB" finished-at="2022-09-24T13:45:50 WIB">
          <reporter-output>
          </reporter-output>
        </test-method> <!-- tearDownClass -->
      </class> <!-- runners.PalindromeRunner -->
    </test> <!-- Default test -->
  </suite> <!-- Default suite -->
</testng-results>
